Using pre-set license
Built from '2020.3/staging' branch; Version is '2020.3.23f1 (c5d91304a876) revision 12966163'; Using compiler version '192528614'; Build Type 'Release'
OS: 'Windows 10 Home; OS build 19044.1706; Version 2009; 64bit' Language: 'en' Physical Memory: 16300 MB
BatchMode: 1, IsHumanControllingUs: 0, StartBugReporterOnCrash: 0, Is64bit: 1, IsPro: 0

COMMAND LINE ARGUMENTS:
C:\Program Files\Unity\Hub\Editor\2020.3.23f1\Editor\Unity.exe
-adb2
-batchMode
-noUpm
-name
AssetImportWorker0
-projectPath
C:/UnityProjects2/Shotadillo
-logFile
Logs/AssetImportWorker0.log
-srvPort
57455
Successfully changed project path to: C:/UnityProjects2/Shotadillo
C:/UnityProjects2/Shotadillo
Using Asset Import Pipeline V2.
Refreshing native plugins compatible for Editor in 36.46 ms, found 2 plugins.
Preloading 0 native plugins for Editor in 0.00 ms.
Initialize engine version: 2020.3.23f1 (c5d91304a876)
[Subsystems] Discovering subsystems at path C:/Program Files/Unity/Hub/Editor/2020.3.23f1/Editor/Data/Resources/UnitySubsystems
[Subsystems] Discovering subsystems at path C:/UnityProjects2/Shotadillo/Assets
GfxDevice: creating device client; threaded=0
Direct3D:
    Version:  Direct3D 11.0 [level 11.1]
    Renderer: NVIDIA GeForce RTX 3060 Ti (ID=0x2486)
    Vendor:   
    VRAM:     8050 MB
    Driver:   27.21.14.6140
Initialize mono
Mono path[0] = 'C:/Program Files/Unity/Hub/Editor/2020.3.23f1/Editor/Data/Managed'
Mono path[1] = 'C:/Program Files/Unity/Hub/Editor/2020.3.23f1/Editor/Data/MonoBleedingEdge/lib/mono/unityjit'
Mono config path = 'C:/Program Files/Unity/Hub/Editor/2020.3.23f1/Editor/Data/MonoBleedingEdge/etc'
Using monoOptions --debugger-agent=transport=dt_socket,embedding=1,server=y,suspend=n,address=127.0.0.1:56268
Begin MonoManager ReloadAssembly
Registering precompiled unity dll's ...
Register platform support module: C:/Program Files/Unity/Hub/Editor/2020.3.23f1/Editor/Data/PlaybackEngines/WebGLSupport/UnityEditor.WebGL.Extensions.dll
Register platform support module: C:/Program Files/Unity/Hub/Editor/2020.3.23f1/Editor/Data/PlaybackEngines/WindowsStandaloneSupport/UnityEditor.WindowsStandalone.Extensions.dll
Registered in 0.002129 seconds.
Native extension for WindowsStandalone target not found
Native extension for WebGL target not found
Refreshing native plugins compatible for Editor in 35.52 ms, found 2 plugins.
Preloading 0 native plugins for Editor in 0.00 ms.
Mono: successfully reloaded assembly
- Completed reload, in  0.502 seconds
Domain Reload Profiling:
	ReloadAssembly (502ms)
		BeginReloadAssembly (49ms)
			ExecutionOrderSort (0ms)
			DisableScriptedObjects (0ms)
			BackupInstance (0ms)
			ReleaseScriptingObjects (0ms)
			CreateAndSetChildDomain (1ms)
		EndReloadAssembly (387ms)
			LoadAssemblies (47ms)
			RebuildTransferFunctionScriptingTraits (0ms)
			SetupTypeCache (134ms)
			ReleaseScriptCaches (0ms)
			RebuildScriptCaches (26ms)
			SetupLoadedEditorAssemblies (143ms)
				LogAssemblyErrors (0ms)
				InitializePlatformSupportModulesInManaged (4ms)
				SetLoadedEditorAssemblies (0ms)
				RefreshPlugins (36ms)
				BeforeProcessingInitializeOnLoad (14ms)
				ProcessInitializeOnLoadAttributes (66ms)
				ProcessInitializeOnLoadMethodAttributes (22ms)
				AfterProcessingInitializeOnLoad (0ms)
				EditorAssembliesLoaded (0ms)
			ExecutionOrderSort2 (0ms)
			AwakeInstancesAfterBackupRestoration (0ms)
Platform modules already initialized, skipping
Registering precompiled user dll's ...
Registered in 0.003678 seconds.
Begin MonoManager ReloadAssembly
Native extension for WindowsStandalone target not found
Native extension for WebGL target not found
Refreshing native plugins compatible for Editor in 34.82 ms, found 2 plugins.
Preloading 0 native plugins for Editor in 0.00 ms.
Mono: successfully reloaded assembly
- Completed reload, in  0.959 seconds
Domain Reload Profiling:
	ReloadAssembly (960ms)
		BeginReloadAssembly (130ms)
			ExecutionOrderSort (0ms)
			DisableScriptedObjects (4ms)
			BackupInstance (0ms)
			ReleaseScriptingObjects (0ms)
			CreateAndSetChildDomain (18ms)
		EndReloadAssembly (773ms)
			LoadAssemblies (77ms)
			RebuildTransferFunctionScriptingTraits (0ms)
			SetupTypeCache (247ms)
			ReleaseScriptCaches (1ms)
			RebuildScriptCaches (42ms)
			SetupLoadedEditorAssemblies (310ms)
				LogAssemblyErrors (0ms)
				InitializePlatformSupportModulesInManaged (4ms)
				SetLoadedEditorAssemblies (0ms)
				RefreshPlugins (35ms)
				BeforeProcessingInitializeOnLoad (62ms)
				ProcessInitializeOnLoadAttributes (195ms)
				ProcessInitializeOnLoadMethodAttributes (7ms)
				AfterProcessingInitializeOnLoad (6ms)
				EditorAssembliesLoaded (0ms)
			ExecutionOrderSort2 (0ms)
			AwakeInstancesAfterBackupRestoration (6ms)
Platform modules already initialized, skipping
========================================================================
Worker process is ready to serve import requests
Launched and connected shader compiler UnityShaderCompiler.exe after 0.05 seconds
Refreshing native plugins compatible for Editor in 0.61 ms, found 2 plugins.
Preloading 0 native plugins for Editor in 0.00 ms.
Unloading 1964 Unused Serialized files (Serialized files now loaded: 0)
System memory in use before: 85.1 MB.
System memory in use after: 85.1 MB.

Unloading 22 unused Assets to reduce memory usage. Loaded Objects now: 2404.
Total: 3.309100 ms (FindLiveObjects: 0.259600 ms CreateObjectMapping: 0.047700 ms MarkObjects: 2.912000 ms  DeleteObjects: 0.088700 ms)

AssetImportParameters requested are different than current active one (requested -> active):
  custom:framework-win-MediaFoundation: 216162199b28c13a410421893ffa2e32 -> 
  custom:video-decoder-ogg-theora: a1e56fd34408186e4bbccfd4996cb3dc -> 
  custom:container-muxer-webm: aa71ff27fc2769a1b78a27578f13a17b -> 
  custom:container-demuxer-webm: 4f35f7cbe854078d1ac9338744f61a02 -> 
  custom:container-demuxer-ogg: 62fdf1f143b41e24485cea50d1cbac27 -> 
  custom:video-encoder-webm-vp8: eb34c28f22e8b96e1ab97ce403110664 -> 
  custom:video-decoder-webm-vp8: 9c59270c3fd7afecdb556c50c9e8de78 -> 
  custom:audio-decoder-ogg-vorbis: bf7c407c2cedff20999df2af8eb42d56 -> 
  custom:audio-encoder-webm-vorbis: bf7c407c2cedff20999df2af8eb42d56 -> 
========================================================================
Received Import Request.
  path: Assets/_Scenes/DEMOTEST.unity
  artifactKey: Guid(9fc0d4010bbf28b4594072e72b8655ab) Importer(815301076,1909f56bfc062723c751e8b465ee728b)
Start importing Assets/_Scenes/DEMOTEST.unity using Guid(9fc0d4010bbf28b4594072e72b8655ab) Importer(815301076,1909f56bfc062723c751e8b465ee728b)  -> (artifact id: 'ea6ef16384827493920e802affb6b543') in 0.018658 seconds 
  Import took 0.022250 seconds .

========================================================================
Received Import Request.
  Time since last request: 44.612472 seconds.
  path: Assets/Player/Player_Base/AimerColor.mat
  artifactKey: Guid(6f78457a1b8824d7484c6392f7190a87) Importer(815301076,1909f56bfc062723c751e8b465ee728b)
Start importing Assets/Player/Player_Base/AimerColor.mat using Guid(6f78457a1b8824d7484c6392f7190a87) Importer(815301076,1909f56bfc062723c751e8b465ee728b)  -> (artifact id: '47c850fab7810b86ebff2e886e90ec61') in 0.078589 seconds 
  Import took 0.081753 seconds .

========================================================================
Received Import Request.
  Time since last request: 2.284687 seconds.
  path: Assets/Player/Player_Base/ActionMaps/Player_Inputs.inputactions
  artifactKey: Guid(dfe99b64aaac646569271059def46c76) Importer(815301076,1909f56bfc062723c751e8b465ee728b)
Start importing Assets/Player/Player_Base/ActionMaps/Player_Inputs.inputactions using Guid(dfe99b64aaac646569271059def46c76) Importer(815301076,1909f56bfc062723c751e8b465ee728b)  -> (artifact id: '036c9f89028f614aa4d4bb83924e0256') in 0.014167 seconds 
  Import took 0.017967 seconds .

========================================================================
Received Import Request.
  Time since last request: 4.177258 seconds.
  path: Packages/com.unity.ide.visualstudio
  artifactKey: Guid(9db636ca49aa246019dd93b7c8b689f4) Importer(815301076,1909f56bfc062723c751e8b465ee728b)
Start importing Packages/com.unity.ide.visualstudio using Guid(9db636ca49aa246019dd93b7c8b689f4) Importer(815301076,1909f56bfc062723c751e8b465ee728b)  -> (artifact id: '97ec95a5506f2bdeeee79941468489e5') in 0.005273 seconds 
  Import took 0.008196 seconds .

========================================================================
Received Import Request.
  Time since last request: 0.442319 seconds.
  path: Packages/com.unity.ide.vscode
  artifactKey: Guid(1c61a04a5b7737c4d16673d64be4194e) Importer(815301076,1909f56bfc062723c751e8b465ee728b)
Start importing Packages/com.unity.ide.vscode using Guid(1c61a04a5b7737c4d16673d64be4194e) Importer(815301076,1909f56bfc062723c751e8b465ee728b)  -> (artifact id: '6eb59e90e7b94b511476370c7399373e') in 0.006149 seconds 
  Import took 0.009504 seconds .

========================================================================
Received Import Request.
  Time since last request: 0.477888 seconds.
  path: Packages/com.unity.collab-proxy
  artifactKey: Guid(1adad61bfb44214ee3e887b5febc4396) Importer(815301076,1909f56bfc062723c751e8b465ee728b)
Start importing Packages/com.unity.collab-proxy using Guid(1adad61bfb44214ee3e887b5febc4396) Importer(815301076,1909f56bfc062723c751e8b465ee728b)  -> (artifact id: '7837b352734e5da8176d6703b10e0397') in 0.005183 seconds 
  Import took 0.008236 seconds .

========================================================================
Received Import Request.
  Time since last request: 0.338142 seconds.
  path: Packages/com.unity.ugui
  artifactKey: Guid(8f7652e09069a1943278893d4264401e) Importer(815301076,1909f56bfc062723c751e8b465ee728b)
Start importing Packages/com.unity.ugui using Guid(8f7652e09069a1943278893d4264401e) Importer(815301076,1909f56bfc062723c751e8b465ee728b)  -> (artifact id: '9be8eef517426cf4e5d1ef023f0f7cab') in 0.006021 seconds 
  Import took 0.008912 seconds .

========================================================================
Received Import Request.
  Time since last request: 0.366573 seconds.
  path: Packages/com.unity.timeline
  artifactKey: Guid(a4610cf559d77b9f256416d9ccaeac55) Importer(815301076,1909f56bfc062723c751e8b465ee728b)
Start importing Packages/com.unity.timeline using Guid(a4610cf559d77b9f256416d9ccaeac55) Importer(815301076,1909f56bfc062723c751e8b465ee728b)  -> (artifact id: 'faf0c4e2b16555589375b70b30cdb036') in 0.005311 seconds 
  Import took 0.008486 seconds .

========================================================================
Received Import Request.
  Time since last request: 0.332212 seconds.
  path: Packages/com.unity.test-framework
  artifactKey: Guid(6023f2b823fc19b4e4a90875281ff117) Importer(815301076,1909f56bfc062723c751e8b465ee728b)
Start importing Packages/com.unity.test-framework using Guid(6023f2b823fc19b4e4a90875281ff117) Importer(815301076,1909f56bfc062723c751e8b465ee728b)  -> (artifact id: '7b3fecfc8d873fe96244889d860a7252') in 0.005255 seconds 
  Import took 0.008069 seconds .

========================================================================
Received Import Request.
  Time since last request: 0.348698 seconds.
  path: Packages/com.unity.services.core
  artifactKey: Guid(3c952e89bf6b2a98a63dad340d4211e2) Importer(815301076,1909f56bfc062723c751e8b465ee728b)
Start importing Packages/com.unity.services.core using Guid(3c952e89bf6b2a98a63dad340d4211e2) Importer(815301076,1909f56bfc062723c751e8b465ee728b)  -> (artifact id: '18edced15c1d57d4f2bccd26a466dc71') in 0.005457 seconds 
  Import took 0.008606 seconds .

========================================================================
Received Import Request.
  Time since last request: 0.719503 seconds.
  path: Packages/com.unity.inputsystem
  artifactKey: Guid(77f6a1a5fdaf4eb381a13f21eadbbce0) Importer(815301076,1909f56bfc062723c751e8b465ee728b)
Start importing Packages/com.unity.inputsystem using Guid(77f6a1a5fdaf4eb381a13f21eadbbce0) Importer(815301076,1909f56bfc062723c751e8b465ee728b)  -> (artifact id: 'e491535fe12cde1f569ee0de5a3db332') in 0.006077 seconds 
  Import took 0.009010 seconds .

========================================================================
Received Import Request.
  Time since last request: 0.689407 seconds.
  path: Packages/com.unity.cinemachine
  artifactKey: Guid(c19eb9a4b328654bd4ca551e1c34b76c) Importer(815301076,1909f56bfc062723c751e8b465ee728b)
Start importing Packages/com.unity.cinemachine using Guid(c19eb9a4b328654bd4ca551e1c34b76c) Importer(815301076,1909f56bfc062723c751e8b465ee728b)  -> (artifact id: '13595a645e76ec49928acaf6d7bb5972') in 0.005128 seconds 
  Import took 0.008380 seconds .

========================================================================
Received Import Request.
  Time since last request: 2.655321 seconds.
  path: Packages/com.unity.ext.nunit
  artifactKey: Guid(25a477c2f24db8778a4179421a32cc21) Importer(815301076,1909f56bfc062723c751e8b465ee728b)
Start importing Packages/com.unity.ext.nunit using Guid(25a477c2f24db8778a4179421a32cc21) Importer(815301076,1909f56bfc062723c751e8b465ee728b)  -> (artifact id: 'de8b3f671dc9f0a57b867a67d4aae8de') in 0.005315 seconds 
  Import took 0.008512 seconds .

========================================================================
Received Import Request.
  Time since last request: 11.723856 seconds.
  path: Packages/com.unity.ide.rider
  artifactKey: Guid(ea5aa18a49e4f29d74984ea0ea11a238) Importer(815301076,1909f56bfc062723c751e8b465ee728b)
Start importing Packages/com.unity.ide.rider using Guid(ea5aa18a49e4f29d74984ea0ea11a238) Importer(815301076,1909f56bfc062723c751e8b465ee728b)  -> (artifact id: '38d02623396ab86594f3405d33b9714f') in 0.005568 seconds 
  Import took 0.008919 seconds .

========================================================================
Received Import Request.
  Time since last request: 0.420755 seconds.
  path: Packages/com.unity.nuget.newtonsoft-json
  artifactKey: Guid(7e7d2b05dd6ea119ce16861d56d99a82) Importer(815301076,1909f56bfc062723c751e8b465ee728b)
Start importing Packages/com.unity.nuget.newtonsoft-json using Guid(7e7d2b05dd6ea119ce16861d56d99a82) Importer(815301076,1909f56bfc062723c751e8b465ee728b)  -> (artifact id: 'fa4b8fa352b752a3e644067b33aa63ec') in 0.005250 seconds 
  Import took 0.008250 seconds .

========================================================================
Received Import Request.
  Time since last request: 1.190125 seconds.
  path: Packages/com.unity.textmeshpro
  artifactKey: Guid(cabaa672b0e3ee91fa7b6da4daab7970) Importer(815301076,1909f56bfc062723c751e8b465ee728b)
Start importing Packages/com.unity.textmeshpro using Guid(cabaa672b0e3ee91fa7b6da4daab7970) Importer(815301076,1909f56bfc062723c751e8b465ee728b)  -> (artifact id: '169a733f15e62358392572f7d3dbae7f') in 0.005397 seconds 
  Import took 0.008407 seconds .

========================================================================
Received Import Request.
  Time since last request: 9.300085 seconds.
  path: Assets/Guns/Shotgun.asset
  artifactKey: Guid(f71ce47720a724954b348ca86622031a) Importer(815301076,1909f56bfc062723c751e8b465ee728b)
Start importing Assets/Guns/Shotgun.asset using Guid(f71ce47720a724954b348ca86622031a) Importer(815301076,1909f56bfc062723c751e8b465ee728b)  -> (artifact id: 'df1aeec087f15ff6d33af88d061fc807') in 0.007476 seconds 
  Import took 0.010835 seconds .

========================================================================
Received Import Request.
  Time since last request: 0.000206 seconds.
  path: Assets/Guns/SlugShot.asset
  artifactKey: Guid(4efea20752302482a909e6971bfdfbb2) Importer(815301076,1909f56bfc062723c751e8b465ee728b)
Start importing Assets/Guns/SlugShot.asset using Guid(4efea20752302482a909e6971bfdfbb2) Importer(815301076,1909f56bfc062723c751e8b465ee728b)  -> (artifact id: 'eeae43a879f19699692e35761446fd6a') in 0.006470 seconds 
  Import took 0.009541 seconds .

========================================================================
Received Import Request.
  Time since last request: 2.807573 seconds.
  path: Assets/Player/_Playable.prefab
  artifactKey: Guid(d3d28c250ab424c21946dbe94aa41b1b) Importer(815301076,1909f56bfc062723c751e8b465ee728b)
Start importing Assets/Player/_Playable.prefab using Guid(d3d28c250ab424c21946dbe94aa41b1b) Importer(815301076,1909f56bfc062723c751e8b465ee728b)  -> (artifact id: '6602510a65849ddbc975036ddccd17aa') in 0.035152 seconds 
  Import took 0.038596 seconds .

========================================================================
Received Import Request.
  Time since last request: 0.000197 seconds.
  path: Assets/Player/Bill.fbx
  artifactKey: Guid(b4d0f4aed84a88645be66daeaae17d07) Importer(815301076,1909f56bfc062723c751e8b465ee728b)
Start importing Assets/Player/Bill.fbx using Guid(b4d0f4aed84a88645be66daeaae17d07) Importer(815301076,1909f56bfc062723c751e8b465ee728b)  -> (artifact id: 'e5deb0b3986abd7d466e40c4bc994856') in 0.086896 seconds 
  Import took 0.090099 seconds .

========================================================================
Received Import Request.
  Time since last request: 16.090705 seconds.
  path: Assets/Enemy/Meleer/EnemyMaterial.mat
  artifactKey: Guid(586a707f9426a4624b82e72f9d7038e7) Importer(815301076,1909f56bfc062723c751e8b465ee728b)
Start importing Assets/Enemy/Meleer/EnemyMaterial.mat using Guid(586a707f9426a4624b82e72f9d7038e7) Importer(815301076,1909f56bfc062723c751e8b465ee728b)  -> (artifact id: '2df97eb68747624c2b901654a17f4e00') in 0.014775 seconds 
  Import took 0.017733 seconds .

========================================================================
Received Import Request.
  Time since last request: 0.000187 seconds.
  path: Assets/Enemy/Meleer/MeleeEnemy.prefab
  artifactKey: Guid(ee57c960a59db41a5b8020cfba239b89) Importer(815301076,1909f56bfc062723c751e8b465ee728b)
Start importing Assets/Enemy/Meleer/MeleeEnemy.prefab using Guid(ee57c960a59db41a5b8020cfba239b89) Importer(815301076,1909f56bfc062723c751e8b465ee728b)  -> (artifact id: '8fe311f68f241b9c72501532ac545577') in 0.011655 seconds 
  Import took 0.014273 seconds .

========================================================================
Received Import Request.
  Time since last request: 1.030021 seconds.
  path: Assets/Enemy/Flyer/Enemy01.prefab
  artifactKey: Guid(eadfe83804ec543af9417bbf1b5aa56a) Importer(815301076,1909f56bfc062723c751e8b465ee728b)
Start importing Assets/Enemy/Flyer/Enemy01.prefab using Guid(eadfe83804ec543af9417bbf1b5aa56a) Importer(815301076,1909f56bfc062723c751e8b465ee728b)  -> (artifact id: 'aad51025599efe74ee0d6edd2f7698ae') in 0.012511 seconds 
  Import took 0.015907 seconds .

========================================================================
Received Import Request.
  Time since last request: 0.000170 seconds.
  path: Assets/Enemy/Flyer/EnemyMat.mat
  artifactKey: Guid(0fc9c9bc2b16f4a709e5759c8cbb25d2) Importer(815301076,1909f56bfc062723c751e8b465ee728b)
Start importing Assets/Enemy/Flyer/EnemyMat.mat using Guid(0fc9c9bc2b16f4a709e5759c8cbb25d2) Importer(815301076,1909f56bfc062723c751e8b465ee728b)  -> (artifact id: '7f9e6175be9808b69a392d4914edd267') in 0.013925 seconds 
  Import took 0.016715 seconds .

========================================================================
Received Import Request.
  Time since last request: 1.116266 seconds.
  path: Assets/Resources/GraplingHook/Hook.prefab
  artifactKey: Guid(8d07926f34f27b14ebeaf53e08639d7b) Importer(815301076,1909f56bfc062723c751e8b465ee728b)
Start importing Assets/Resources/GraplingHook/Hook.prefab using Guid(8d07926f34f27b14ebeaf53e08639d7b) Importer(815301076,1909f56bfc062723c751e8b465ee728b)  -> (artifact id: '2641234aca2a9bab0b59faa324167112') in 0.010406 seconds 
  Import took 0.013507 seconds .

========================================================================
Received Import Request.
  Time since last request: 0.000218 seconds.
  path: Assets/Resources/GraplingHook/HookLine.prefab
  artifactKey: Guid(38704b8995f6d3340b924d0e0b398a51) Importer(815301076,1909f56bfc062723c751e8b465ee728b)
Start importing Assets/Resources/GraplingHook/HookLine.prefab using Guid(38704b8995f6d3340b924d0e0b398a51) Importer(815301076,1909f56bfc062723c751e8b465ee728b)  -> (artifact id: '034f63c63b0647db40509b73bdd22344') in 0.011450 seconds 
  Import took 0.014627 seconds .

========================================================================
Received Import Request.
  Time since last request: 4.480045 seconds.
  path: Assets/Player/Player_Base/ActionMaps/Player_Inp.cs
  artifactKey: Guid(4e8b7281b7b634fa0b8aa86015cdb008) Importer(815301076,1909f56bfc062723c751e8b465ee728b)
Start importing Assets/Player/Player_Base/ActionMaps/Player_Inp.cs using Guid(4e8b7281b7b634fa0b8aa86015cdb008) Importer(815301076,1909f56bfc062723c751e8b465ee728b)  -> (artifact id: 'c2e60aa244bfc2dc52e6f2b9d5db6e69') in 0.008534 seconds 
  Import took 0.011756 seconds .

========================================================================
Received Import Request.
  Time since last request: 97.420962 seconds.
  path: Assets/GameManagers
  artifactKey: Guid(e1f7029c984be40f89106147f5b3503c) Importer(815301076,1909f56bfc062723c751e8b465ee728b)
Start importing Assets/GameManagers using Guid(e1f7029c984be40f89106147f5b3503c) Importer(815301076,1909f56bfc062723c751e8b465ee728b)  -> (artifact id: 'bfe492afbf3475b645d45a7ad9775a2d') in 0.005483 seconds 
  Import took 0.008942 seconds .

========================================================================
Received Import Request.
  Time since last request: 0.450353 seconds.
  path: Assets/Guns
  artifactKey: Guid(0f15db88b99644599a226af9484f58be) Importer(815301076,1909f56bfc062723c751e8b465ee728b)
Start importing Assets/Guns using Guid(0f15db88b99644599a226af9484f58be) Importer(815301076,1909f56bfc062723c751e8b465ee728b)  -> (artifact id: '8ecc669d19884fde373e4e9107c8f238') in 0.004826 seconds 
  Import took 0.007904 seconds .

========================================================================
Received Import Request.
  Time since last request: 2.277158 seconds.
  path: Assets/Player
  artifactKey: Guid(f86590e9bf2304677bb422f2451627b5) Importer(815301076,1909f56bfc062723c751e8b465ee728b)
Start importing Assets/Player using Guid(f86590e9bf2304677bb422f2451627b5) Importer(815301076,1909f56bfc062723c751e8b465ee728b)  -> (artifact id: '5e83f1ec282af83ca273c28c6df76457') in 0.006263 seconds 
  Import took 0.009399 seconds .

========================================================================
Received Import Request.
  Time since last request: 0.341157 seconds.
  path: Assets/Resources
  artifactKey: Guid(0d47524f5ca994d0e87e2047646c7f53) Importer(815301076,1909f56bfc062723c751e8b465ee728b)
Start importing Assets/Resources using Guid(0d47524f5ca994d0e87e2047646c7f53) Importer(815301076,1909f56bfc062723c751e8b465ee728b)  -> (artifact id: 'ba4a0d0d7c907be0df75e2fbf9dca31b') in 0.006371 seconds 
  Import took 0.009565 seconds .

========================================================================
Received Import Request.
  Time since last request: 1.192519 seconds.
  path: Assets/_Scenes
  artifactKey: Guid(fe499c200ed6144658473eb73c8a6d99) Importer(815301076,1909f56bfc062723c751e8b465ee728b)
Start importing Assets/_Scenes using Guid(fe499c200ed6144658473eb73c8a6d99) Importer(815301076,1909f56bfc062723c751e8b465ee728b)  -> (artifact id: 'f697eba9892d7eb84e8af3f0a2bf8566') in 0.005616 seconds 
  Import took 0.009088 seconds .

========================================================================
Received Prepare
Registering precompiled user dll's ...
Registered in 0.004348 seconds.
Begin MonoManager ReloadAssembly
Native extension for WindowsStandalone target not found
Native extension for WebGL target not found
Refreshing native plugins compatible for Editor in 0.45 ms, found 2 plugins.
Preloading 0 native plugins for Editor in 0.00 ms.
Mono: successfully reloaded assembly
- Completed reload, in  0.923 seconds
Domain Reload Profiling:
	ReloadAssembly (924ms)
		BeginReloadAssembly (115ms)
			ExecutionOrderSort (0ms)
			DisableScriptedObjects (3ms)
			BackupInstance (0ms)
			ReleaseScriptingObjects (0ms)
			CreateAndSetChildDomain (31ms)
		EndReloadAssembly (754ms)
			LoadAssemblies (76ms)
			RebuildTransferFunctionScriptingTraits (0ms)
			SetupTypeCache (241ms)
			ReleaseScriptCaches (1ms)
			RebuildScriptCaches (38ms)
			SetupLoadedEditorAssemblies (266ms)
				LogAssemblyErrors (0ms)
				InitializePlatformSupportModulesInManaged (4ms)
				SetLoadedEditorAssemblies (0ms)
				RefreshPlugins (0ms)
				BeforeProcessingInitializeOnLoad (61ms)
				ProcessInitializeOnLoadAttributes (188ms)
				ProcessInitializeOnLoadMethodAttributes (7ms)
				AfterProcessingInitializeOnLoad (6ms)
				EditorAssembliesLoaded (0ms)
			ExecutionOrderSort2 (0ms)
			AwakeInstancesAfterBackupRestoration (5ms)
Platform modules already initialized, skipping
Refreshing native plugins compatible for Editor in 0.50 ms, found 2 plugins.
Preloading 0 native plugins for Editor in 0.00 ms.
Unloading 1956 Unused Serialized files (Serialized files now loaded: 0)
System memory in use before: 88.6 MB.
System memory in use after: 88.7 MB.

Unloading 16 unused Assets to reduce memory usage. Loaded Objects now: 2455.
Total: 3.134400 ms (FindLiveObjects: 0.236600 ms CreateObjectMapping: 0.047900 ms MarkObjects: 2.822600 ms  DeleteObjects: 0.025800 ms)

AssetImportParameters requested are different than current active one (requested -> active):
  custom:framework-win-MediaFoundation: 216162199b28c13a410421893ffa2e32 -> 
  custom:video-decoder-ogg-theora: a1e56fd34408186e4bbccfd4996cb3dc -> 
  custom:container-muxer-webm: aa71ff27fc2769a1b78a27578f13a17b -> 
  custom:container-demuxer-webm: 4f35f7cbe854078d1ac9338744f61a02 -> 
  custom:container-demuxer-ogg: 62fdf1f143b41e24485cea50d1cbac27 -> 
  custom:video-encoder-webm-vp8: eb34c28f22e8b96e1ab97ce403110664 -> 
  custom:video-decoder-webm-vp8: 9c59270c3fd7afecdb556c50c9e8de78 -> 
  custom:audio-decoder-ogg-vorbis: bf7c407c2cedff20999df2af8eb42d56 -> 
  custom:audio-encoder-webm-vorbis: bf7c407c2cedff20999df2af8eb42d56 -> 
AssetImportWorkerClient::OnTransportError - code=2 error=End of file
